<?xml version="1.0" encoding="UTF-8"?>
<!-- Generated by org.testng.reporters.JUnitReportReporter -->
<testsuite hostname="Nadeem-2.local" failures="0" tests="2" name="testCases.Manage_Squads" time="63.612" errors="0" timestamp="2024-05-29T13:41:26 IST" skipped="0">
  <testcase classname="testCases.Manage_Squads" name="Add_Squad_Image_required" time="25.366"/>
  <system-out/>
  <testcase classname="testCases.Manage_Squads" name="Create_Squad_Valid" time="38.246"/>
  <system-out/>
</testsuite> <!-- testCases.Manage_Squads -->
