<?xml version="1.0" encoding="UTF-8"?>
<!-- Generated by org.testng.reporters.JUnitReportReporter -->
<testsuite hostname="Nadeem-2.local" failures="0" tests="2" name="testCases.Departments" time="28.597" errors="0" timestamp="2024-05-29T14:09:35 IST" skipped="0">
  <testcase classname="testCases.Departments" name="Department_status" time="13.653"/>
  <system-out/>
  <testcase classname="testCases.Departments" name="Department_Title_Edit" time="14.944"/>
  <system-out/>
</testsuite> <!-- testCases.Departments -->
