<?xml version="1.0" encoding="UTF-8"?>
<!-- Generated by org.testng.reporters.JUnitReportReporter -->
<testsuite hostname="Nadeem-2.local" failures="0" tests="2" name="testCases.LearnQuests" time="67.953" errors="0" timestamp="2024-05-29T13:06:51 IST" skipped="0">
  <testcase classname="testCases.LearnQuests" name="Edit_quest" time="46.899"/>
  <system-out/>
  <testcase classname="testCases.LearnQuests" name="Delete_quest_Cancel" time="21.054"/>
  <system-out/>
</testsuite> <!-- testCases.LearnQuests -->
