<?xml version="1.0" encoding="UTF-8"?>
<!-- Generated by org.testng.reporters.JUnitReportReporter -->
<testsuite hostname="Nadeem-2.local" failures="0" tests="3" name="testCases.JobTitle" time="57.346" errors="0" timestamp="2024-05-29T14:09:35 IST" skipped="0">
  <testcase classname="testCases.JobTitle" name="Job_status" time="23.224"/>
  <system-out/>
  <testcase classname="testCases.JobTitle" name="Job_Title_Edit" time="25.781"/>
  <system-out/>
  <testcase classname="testCases.JobTitle" name="Job_Delete" time="8.341"/>
  <system-out/>
</testsuite> <!-- testCases.JobTitle -->
