<?xml version="1.0" encoding="UTF-8"?>
<!-- Generated by org.testng.reporters.JUnitReportReporter -->
<testsuite hostname="Nadeem-2.local" failures="0" tests="12" name="testCases.AddNewFlashCard" time="226.681" errors="0" timestamp="2024-05-28T13:47:00 IST" skipped="0">
  <testcase classname="testCases.AddNewFlashCard" name="Deck_Detailpage" time="36.863"/>
  <system-out/>
  <testcase classname="testCases.AddNewFlashCard" name="Add_Flascard_Title_required" time="17.004"/>
  <system-out/>
  <testcase classname="testCases.AddNewFlashCard" name="Add_flashcard_Icon_Required" time="3.441"/>
  <system-out/>
  <testcase classname="testCases.AddNewFlashCard" name="Add_flashcard_description_Required" time="18.043"/>
  <system-out/>
  <testcase classname="testCases.AddNewFlashCard" name="cancel" time="6.477"/>
  <system-out/>
  <testcase classname="testCases.AddNewFlashCard" name="add_new_flashcard_Description_count" time="24.006"/>
  <system-out/>
  <testcase classname="testCases.AddNewFlashCard" name="Add_Flashcard_valid" time="21.405"/>
  <system-out/>
  <testcase classname="testCases.AddNewFlashCard" name="Search_Flashcard" time="32.895"/>
  <system-out/>
  <testcase classname="testCases.AddNewFlashCard" name="view_Flashcard" time="8.899"/>
  <system-out/>
  <testcase classname="testCases.AddNewFlashCard" name="Delete_Flashcard_Cancel" time="11.389"/>
  <system-out/>
  <testcase classname="testCases.AddNewFlashCard" name="Edit_Flashcard" time="15.285"/>
  <system-out/>
  <testcase classname="testCases.AddNewFlashCard" name="add_new_Flashcard_Status" time="30.974"/>
  <system-out/>
</testsuite> <!-- testCases.AddNewFlashCard -->
