<?xml version="1.0" encoding="UTF-8"?>
<!-- Generated by org.testng.reporters.JUnitReportReporter -->
<testsuite hostname="Nadeem-2.local" failures="0" tests="2" name="testCases.Challenges" time="35.444" errors="0" timestamp="2024-05-29T18:04:26 IST" skipped="0">
  <testcase classname="testCases.Challenges" name="View_Detail_Tab" time="19.103"/>
  <system-out/>
  <testcase classname="testCases.Challenges" name="Challenge_Status" time="16.341"/>
  <system-out/>
</testsuite> <!-- testCases.Challenges -->
