<?xml version="1.0" encoding="UTF-8"?>
<!-- Generated by org.testng.reporters.JUnitReportReporter -->
<testsuite hostname="Nadeem-2.local" failures="0" tests="11" name="testCases.addNewDeck" time="321.973" errors="0" timestamp="2024-05-28T13:41:05 IST" skipped="0">
  <testcase classname="testCases.addNewDeck" name="AddDeck_Title_required" time="32.763"/>
  <system-out/>
  <testcase classname="testCases.addNewDeck" name="AddDeck_category_required" time="10.000"/>
  <system-out/>
  <testcase classname="testCases.addNewDeck" name="Add_Deck_subject_required" time="41.721"/>
  <system-out/>
  <testcase classname="testCases.addNewDeck" name="Add_Deck_Topic_required" time="30.829"/>
  <system-out/>
  <testcase classname="testCases.addNewDeck" name="Add_Deck_Cancel" time="18.070"/>
  <system-out/>
  <testcase classname="testCases.addNewDeck" name="Add_New_Deck_Valid" time="47.537"/>
  <system-out/>
  <testcase classname="testCases.addNewDeck" name="Search_Deck" time="44.654"/>
  <system-out/>
  <testcase classname="testCases.addNewDeck" name="View_Deck" time="24.541"/>
  <system-out/>
  <testcase classname="testCases.addNewDeck" name="Edit_Deck" time="27.606"/>
  <system-out/>
  <testcase classname="testCases.addNewDeck" name="Delete_Deck_Cancel" time="24.051"/>
  <system-out/>
  <testcase classname="testCases.addNewDeck" name="add_new_Deck_Status" time="20.201"/>
  <system-out/>
</testsuite> <!-- testCases.addNewDeck -->
