<?xml version="1.0" encoding="UTF-8"?>
<!-- Generated by org.testng.reporters.JUnitReportReporter -->
<testsuite hostname="Nadeem-2.local" failures="0" tests="12" name="testCases.AddNewSubject" time="231.114" errors="0" timestamp="2024-05-28T12:54:43 IST" skipped="0">
  <testcase classname="testCases.AddNewSubject" name="Add_Subject_Title_Required" time="20.956"/>
  <system-out/>
  <testcase classname="testCases.AddNewSubject" name="Add_Subject_Icon_Required" time="14.810"/>
  <system-out/>
  <testcase classname="testCases.AddNewSubject" name="Add_subject_category_dropdown_Required" time="18.845"/>
  <system-out/>
  <testcase classname="testCases.AddNewSubject" name="Add_subject_description_Required" time="10.588"/>
  <system-out/>
  <testcase classname="testCases.AddNewSubject" name="cancel" time="13.002"/>
  <system-out/>
  <testcase classname="testCases.AddNewSubject" name="add_new_Subject_Valid" time="37.452"/>
  <system-out/>
  <testcase classname="testCases.AddNewSubject" name="add_new_Subject_Description_count" time="13.419"/>
  <system-out/>
  <testcase classname="testCases.AddNewSubject" name="Search_Subjects" time="45.032"/>
  <system-out/>
  <testcase classname="testCases.AddNewSubject" name="View_Subject" time="14.402"/>
  <system-out/>
  <testcase classname="testCases.AddNewSubject" name="Edit_Subject" time="24.083"/>
  <system-out/>
  <testcase classname="testCases.AddNewSubject" name="Delete_Subject_Cancel" time="13.453"/>
  <system-out/>
  <testcase classname="testCases.AddNewSubject" name="add_new_Subject_Status" time="5.072"/>
  <system-out/>
</testsuite> <!-- testCases.AddNewSubject -->
