<?xml version="1.0" encoding="UTF-8"?>
<!-- Generated by org.testng.reporters.JUnitReportReporter -->
<testsuite hostname="Nadeem-2.local" failures="0" tests="3" name="testCases.Admin_EditProfile" time="66.324" errors="0" timestamp="2024-05-29T14:44:51 IST" skipped="0">
  <testcase classname="testCases.Admin_EditProfile" name="Admin_Edit" time="37.845"/>
  <system-out/>
  <testcase classname="testCases.Admin_EditProfile" name="Profile_View" time="3.240"/>
  <system-out/>
  <testcase classname="testCases.Admin_EditProfile" name="Change_Password" time="25.239"/>
  <system-out/>
</testsuite> <!-- testCases.Admin_EditProfile -->
