<?xml version="1.0" encoding="UTF-8"?>
<!-- Generated by org.testng.reporters.JUnitReportReporter -->
<testsuite hostname="Nadeem-2.local" failures="0" tests="1" name="testCases.AddLearners" time="7.354" errors="0" timestamp="2024-05-28T16:13:25 IST" skipped="0">
  <testcase classname="testCases.AddLearners" name="Learner_Status" time="7.354"/>
  <system-out/>
</testsuite> <!-- testCases.AddLearners -->
