<?xml version="1.0" encoding="UTF-8"?>
<!-- Generated by org.testng.reporters.JUnitReportReporter -->
<testsuite hostname="Nadeem-2.local" failures="0" tests="6" name="testCases.Forgot_Password" time="50.461" errors="0" timestamp="2024-05-28T12:31:46 IST" skipped="0">
  <testcase classname="testCases.Forgot_Password" name="WorkspaceId_Valid" time="9.125"/>
  <system-out/>
  <testcase classname="testCases.Forgot_Password" name="Forgotpassword_Empty" time="8.269"/>
  <system-out/>
  <testcase classname="testCases.Forgot_Password" name="Forgotpassword_invalid" time="6.855"/>
  <system-out/>
  <testcase classname="testCases.Forgot_Password" name="Forgotpassword_invalid_Admin" time="8.328"/>
  <system-out/>
  <testcase classname="testCases.Forgot_Password" name="Forgotpassword_Cancel" time="4.421"/>
  <system-out/>
  <testcase classname="testCases.Forgot_Password" name="Forgotpassword_Valid" time="13.463"/>
  <system-out/>
</testsuite> <!-- testCases.Forgot_Password -->
