<?xml version="1.0" encoding="UTF-8"?>
<!-- Generated by org.testng.reporters.JUnitReportReporter -->
<testsuite hostname="Nadeem-2.local" failures="0" tests="7" name="testCases.Did_You_Know" time="166.592" errors="0" timestamp="2024-05-29T15:30:26 IST" skipped="0">
  <testcase classname="testCases.Did_You_Know" name="Did_You_Know_icon_Required" time="28.406"/>
  <system-out/>
  <testcase classname="testCases.Did_You_Know" name="Did_You_Know_Headline_Required" time="8.966"/>
  <system-out/>
  <testcase classname="testCases.Did_You_Know" name="Did_You_Know_Content_Required" time="17.300"/>
  <system-out/>
  <testcase classname="testCases.Did_You_Know" name="Did_You_Know_Description_count" time="16.153"/>
  <system-out/>
  <testcase classname="testCases.Did_You_Know" name="Did_You_Know_Valid" time="56.237"/>
  <system-out/>
  <testcase classname="testCases.Did_You_Know" name="Toggle_status" time="16.074"/>
  <system-out/>
  <testcase classname="testCases.Did_You_Know" name="Did_You_Know_Edit" time="23.456"/>
  <system-out/>
</testsuite> <!-- testCases.Did_You_Know -->
