<?xml version="1.0" encoding="UTF-8"?>
<!-- Generated by org.testng.reporters.JUnitReportReporter -->
<testsuite hostname="Nadeem-2.local" failures="0" tests="12" name="testCases.Add_KLP" time="254.809" errors="0" timestamp="2024-05-28T15:49:14 IST" skipped="0">
  <testcase classname="testCases.Add_KLP" name="Add_KLP_Title_required" time="34.328"/>
  <system-out/>
  <testcase classname="testCases.Add_KLP" name="Create_KLP_category_required" time="11.027"/>
  <system-out/>
  <testcase classname="testCases.Add_KLP" name="Create_KLP_subject_required" time="11.235"/>
  <system-out/>
  <testcase classname="testCases.Add_KLP" name="Create_KLP_Topic_required" time="9.524"/>
  <system-out/>
  <testcase classname="testCases.Add_KLP" name="Create_KLP_description_Required" time="8.577"/>
  <system-out/>
  <testcase classname="testCases.Add_KLP" name="Create_KLP_Cancel" time="5.080"/>
  <system-out/>
  <testcase classname="testCases.Add_KLP" name="Create_KLP_Valid" time="51.280"/>
  <system-out/>
  <testcase classname="testCases.Add_KLP" name="Add_New_KLP_Description_count" time="28.766"/>
  <system-out/>
  <testcase classname="testCases.Add_KLP" name="Search_KLP" time="46.894"/>
  <system-out/>
  <testcase classname="testCases.Add_KLP" name="View_KLP" time="11.557"/>
  <system-out/>
  <testcase classname="testCases.Add_KLP" name="Edit_KLP" time="24.469"/>
  <system-out/>
  <testcase classname="testCases.Add_KLP" name="Delete_KLP_Cancel" time="12.072"/>
  <system-out/>
</testsuite> <!-- testCases.Add_KLP -->
