<?xml version="1.0" encoding="UTF-8"?>
<!-- Generated by org.testng.reporters.JUnitReportReporter -->
<testsuite hostname="Nadeem-2.local" failures="0" tests="5" name="testCases.LoginTest" time="43.996" errors="0" timestamp="2024-05-29T18:21:10 IST" skipped="0">
  <testcase classname="testCases.LoginTest" name="login_Workspace_Id" time="12.125"/>
  <system-out/>
  <testcase classname="testCases.LoginTest" name="login_empty" time="5.163"/>
  <system-out/>
  <testcase classname="testCases.LoginTest" name="login_invalid_email" time="8.590"/>
  <system-out/>
  <testcase classname="testCases.LoginTest" name="login_invalid_credentials" time="5.034"/>
  <system-out/>
  <testcase classname="testCases.LoginTest" name="login_valid" time="13.084"/>
  <system-out/>
</testsuite> <!-- testCases.LoginTest -->
