<?xml version="1.0" encoding="UTF-8"?>
<!-- Generated by org.testng.reporters.JUnitReportReporter -->
<testsuite hostname="Nadeem-2.local" failures="0" tests="10" name="testCases.addNewTopic" time="223.101" errors="0" timestamp="2024-05-28T13:01:11 IST" skipped="0">
  <testcase classname="testCases.addNewTopic" name="Add_Topic_Title_Required" time="36.879"/>
  <system-out/>
  <testcase classname="testCases.addNewTopic" name="Add_topic_category_dropdown_Required" time="10.888"/>
  <system-out/>
  <testcase classname="testCases.addNewTopic" name="Add_Topic_subject_dropdown_Required" time="10.073"/>
  <system-out/>
  <testcase classname="testCases.addNewTopic" name="Add_topic_description_Required" time="8.028"/>
  <system-out/>
  <testcase classname="testCases.addNewTopic" name="Add_New_Topic_Valid" time="66.908"/>
  <system-out/>
  <testcase classname="testCases.addNewTopic" name="Search_Topic" time="26.117"/>
  <system-out/>
  <testcase classname="testCases.addNewTopic" name="View_Topic" time="15.808"/>
  <system-out/>
  <testcase classname="testCases.addNewTopic" name="Edit_Topic" time="26.295"/>
  <system-out/>
  <testcase classname="testCases.addNewTopic" name="Delete_Topic_Cancel" time="13.341"/>
  <system-out/>
  <testcase classname="testCases.addNewTopic" name="add_new_Topic_Status" time="8.764"/>
  <system-out/>
</testsuite> <!-- testCases.addNewTopic -->
