<?xml version="1.0" encoding="UTF-8"?>
<!-- Generated by org.testng.reporters.JUnitReportReporter -->
<testsuite hostname="Nadeem-2.local" failures="0" tests="7" name="testCases.Did_You_Know" time="177.543" errors="0" timestamp="2024-05-21T18:05:44 IST" skipped="0">
  <testcase classname="testCases.Did_You_Know" name="Did_You_Know_icon_Required" time="28.599"/>
  <system-out/>
  <testcase classname="testCases.Did_You_Know" name="Did_You_Know_Headline_Required" time="17.191"/>
  <system-out/>
  <testcase classname="testCases.Did_You_Know" name="Did_You_Know_Content_Required" time="7.179"/>
  <system-out/>
  <testcase classname="testCases.Did_You_Know" name="Did_You_Know_Description_count" time="16.171"/>
  <system-out/>
  <testcase classname="testCases.Did_You_Know" name="Did_You_Know_Valid" time="42.362"/>
  <system-out/>
  <testcase classname="testCases.Did_You_Know" name="Toggle_status" time="16.435"/>
  <system-out/>
  <testcase classname="testCases.Did_You_Know" name="Did_You_Know_Edit" time="49.606"/>
  <system-out/>
</testsuite> <!-- testCases.Did_You_Know -->
