<?xml version="1.0" encoding="UTF-8"?>
<!-- Generated by org.testng.reporters.JUnitReportReporter -->
<testsuite hostname="Nadeem-2.local" failures="0" tests="7" name="testCases.Certifications" time="378.596" errors="0" timestamp="2024-05-29T17:12:48 IST" skipped="0">
  <testcase classname="testCases.Certifications" name="Add_Cert_Name_Required" time="24.606"/>
  <system-out/>
  <testcase classname="testCases.Certifications" name="Cert_Description_Required" time="25.227"/>
  <system-out/>
  <testcase classname="testCases.Certifications" name="CertContent_Required" time="29.215"/>
  <system-out/>
  <testcase classname="testCases.Certifications" name="PassingPercentage_Required" time="56.180"/>
  <system-out/>
  <testcase classname="testCases.Certifications" name="Create_Cert_Valid" time="191.915"/>
  <system-out/>
  <testcase classname="testCases.Certifications" name="Edit_Cert" time="23.993"/>
  <system-out/>
  <testcase classname="testCases.Certifications" name="Certifications_Status" time="27.460"/>
  <system-out/>
</testsuite> <!-- testCases.Certifications -->
